

Microchip Technology PIC18 LITE Macro Assembler V1.34 build -361300703 
                                                                                               Mon Oct 12 07:38:07 2015

Microchip Technology Omniscient Code Generator (Lite mode) build 201502162209
     1                           	processor	18F1220
     2                           	fnconf	rparam,??,?,0
     3                           	opt	pw 120
     4                           	opt	lm
     5                           	psect	text0,global,reloc=2,class=CODE,delta=1
     6                           	psect	cinit,global,reloc=2,class=CODE,delta=1
     7                           	psect	cstackCOMRAM,global,class=COMRAM,space=1,delta=1
     8                           	psect	intsave_regs,global,class=BIGRAM,space=1,delta=1
     9                           	psect	rparam,global,class=COMRAM,space=1,delta=1
    10  0000                     _ADCON1	set	4033
    11  0000                     _LATA	set	3977
    12  0000                     _LATB	set	3978
    13  0000                     _LATBbits	set	3978
    14  0000                     _OSCCONbits	set	4051
    15  0000                     _PORTAbits	set	3968
    16  0000                     _TRISA	set	3986
    17  0000                     _TRISB	set	3987
    18                           
    19 ;;
    20 ;;Main: autosize = 0, tempsize = 1, incstack = 0, save=0
    21 ;;
    22 ;; *************** function _main *****************
    23 ;; Defined at:
    24 ;;		line 51 in file "main.c"
    25 ;; Parameters:    Size  Location     Type
    26 ;;		None
    27 ;; Auto vars:     Size  Location     Type
    28 ;;		None
    29 ;; Return value:  Size  Location     Type
    30 ;;                  2   20[None  ] int 
    31 ;; Registers used:
    32 ;;		wreg, status,2
    33 ;; Tracked objects:
    34 ;;		On entry : 0/0
    35 ;;		On exit  : 0/0
    36 ;;		Unchanged: 0/0
    37 ;; Data sizes:     COMRAM   BANK0
    38 ;;      Params:         0       0
    39 ;;      Locals:         0       0
    40 ;;      Temps:          1       0
    41 ;;      Totals:         1       0
    42 ;;Total ram usage:        1 bytes
    43 ;; This function calls:
    44 ;;		Nothing
    45 ;; This function is called by:
    46 ;;		Startup code after reset
    47 ;; This function uses a non-reentrant model
    48 ;;
    49                           
    50                           	psect	text0
    51  000F76                     __ptext0:
    52                           	opt stack 0
    53  000F76                     _main:
    54                           	opt stack 31
    55                           
    56                           ;main.c: 56: OSCCONbits.IRCF0=1;
    57                           
    58                           ;incstack = 0
    59  000F76  88D3               	bsf	4051,4,c	;volatile
    60                           
    61                           ;main.c: 57: OSCCONbits.IRCF1=1;
    62  000F78  8AD3               	bsf	4051,5,c	;volatile
    63                           
    64                           ;main.c: 58: OSCCONbits.IRCF2=1;
    65  000F7A  8CD3               	bsf	4051,6,c	;volatile
    66                           
    67                           ;main.c: 70: TRISA=0b00010011;
    68  000F7C  0E13               	movlw	19
    69  000F7E  6E92               	movwf	3986,c	;volatile
    70                           
    71                           ;main.c: 71: LATA=0b00000000;
    72  000F80  0E00               	movlw	0
    73  000F82  6E89               	movwf	3977,c	;volatile
    74                           
    75                           ;main.c: 72: ADCON1=0b11111111;
    76  000F84  68C1               	setf	4033,c	;volatile
    77                           
    78                           ;main.c: 74: TRISB=0b00000000;
    79  000F86  0E00               	movlw	0
    80  000F88  6E93               	movwf	3987,c	;volatile
    81                           
    82                           ;main.c: 75: LATB=0b00000000;
    83  000F8A  0E00               	movlw	0
    84  000F8C  6E8A               	movwf	3978,c	;volatile
    85  000F8E  D000               	goto	l627
    86  000F90                     l627:
    87                           
    88                           ;main.c: 81: if(PORTAbits.RA0==1) {
    89  000F90  A080               	btfss	3968,0,c	;volatile
    90  000F92  D010               	goto	l22
    91                           
    92                           ;main.c: 82: _delay((unsigned long)((8)*(0x7A1200/4000.0)));
    93  000F94  0E15               	movlw	21
    94  000F96  6E01               	movwf	??_main& (0+255),c
    95  000F98  0EC6               	movlw	198
    96  000F9A                     u107:
    97  000F9A  2EE8               	decfsz	wreg,f,c
    98  000F9C  D7FE               	goto	u107
    99  000F9E  2E01               	decfsz	??_main& (0+255),f,c
   100  000FA0  D7FC               	goto	u107
   101  000FA2  D000               	nop2	
   102                           
   103                           ;main.c: 83: if(PORTAbits.RA0==1){
   104  000FA4  A080               	btfss	3968,0,c	;volatile
   105  000FA6  D006               	goto	l22
   106                           
   107                           ;main.c: 84: LATBbits.LATB7=~LATBbits.LATB7;
   108  000FA8  7E8A               	btg	3978,7,c	;volatile
   109                           
   110                           ;main.c: 85: while(PORTAbits.RA0==1);
   111  000FAA  D000               	goto	l24
   112  000FAC                     l24:
   113  000FAC  A080               	btfss	3968,0,c	;volatile
   114  000FAE  D002               	goto	l22
   115  000FB0  D7FD               	goto	l24
   116  000FB2  D000               	goto	l22
   117  000FB4                     l22:
   118                           
   119                           ;main.c: 86: }
   120                           ;main.c: 87: }
   121                           ;main.c: 89: if(PORTAbits.RA1==1) {
   122  000FB4  A280               	btfss	3968,1,c	;volatile
   123  000FB6  D010               	goto	l27
   124                           
   125                           ;main.c: 90: _delay((unsigned long)((8)*(0x7A1200/4000.0)));
   126  000FB8  0E15               	movlw	21
   127  000FBA  6E01               	movwf	??_main& (0+255),c
   128  000FBC  0EC6               	movlw	198
   129  000FBE                     u117:
   130  000FBE  2EE8               	decfsz	wreg,f,c
   131  000FC0  D7FE               	goto	u117
   132  000FC2  2E01               	decfsz	??_main& (0+255),f,c
   133  000FC4  D7FC               	goto	u117
   134  000FC6  D000               	nop2	
   135                           
   136                           ;main.c: 91: if(PORTAbits.RA1==1){
   137  000FC8  A280               	btfss	3968,1,c	;volatile
   138  000FCA  D006               	goto	l27
   139                           
   140                           ;main.c: 92: LATBbits.LATB6 =~LATBbits.LATB6;
   141  000FCC  7C8A               	btg	3978,6,c	;volatile
   142                           
   143                           ;main.c: 93: while(PORTAbits.RA1==1);
   144  000FCE  D000               	goto	l29
   145  000FD0                     l29:
   146  000FD0  A280               	btfss	3968,1,c	;volatile
   147  000FD2  D002               	goto	l27
   148  000FD4  D7FD               	goto	l29
   149  000FD6  D000               	goto	l27
   150  000FD8                     l27:
   151                           
   152                           ;main.c: 94: }
   153                           ;main.c: 95: }
   154                           ;main.c: 97: if(PORTAbits.RA4==1) {
   155  000FD8  A880               	btfss	3968,4,c	;volatile
   156  000FDA  D7DA               	goto	l627
   157                           
   158                           ;main.c: 98: _delay((unsigned long)((8)*(0x7A1200/4000.0)));
   159  000FDC  0E15               	movlw	21
   160  000FDE  6E01               	movwf	??_main& (0+255),c
   161  000FE0  0EC6               	movlw	198
   162  000FE2                     u127:
   163  000FE2  2EE8               	decfsz	wreg,f,c
   164  000FE4  D7FE               	goto	u127
   165  000FE6  2E01               	decfsz	??_main& (0+255),f,c
   166  000FE8  D7FC               	goto	u127
   167  000FEA  D000               	nop2	
   168                           
   169                           ;main.c: 99: if(PORTAbits.RA4==1){
   170  000FEC  A880               	btfss	3968,4,c	;volatile
   171  000FEE  D7D0               	goto	l627
   172                           
   173                           ;main.c: 100: LATBbits.LATB1 =~LATBbits.LATB1;
   174  000FF0  728A               	btg	3978,1,c	;volatile
   175                           
   176                           ;main.c: 101: while(PORTAbits.RA4==1);
   177  000FF2  D000               	goto	l34
   178  000FF4                     l34:
   179  000FF4  A880               	btfss	3968,4,c	;volatile
   180  000FF6  D7CC               	goto	l627
   181  000FF8  D7FD               	goto	l34
   182  000FFA  D7CA               	goto	l627
   183  000FFC  EF01  F000         	goto	start
   184  001000                     __end_of_main:
   185                           	opt stack 0
   186  0000                     wreg	equ	0xFE8
   187                           
   188                           	psect	cinit
   189  000F70                     __pcinit:
   190                           	opt stack 0
   191  000F70                     start_initialization:
   192                           	opt stack 0
   193  000F70                     __initialization:
   194                           	opt stack 0
   195  000F70                     end_of_initialization:
   196                           	opt stack 0
   197  000F70                     __end_of__initialization:
   198                           	opt stack 0
   199  000F70  0100               	movlb	0
   200  000F72  EFBB  F007         	goto	_main	;jump to C main() function
   201                           wreg	equ	0xFE8
   202                           
   203                           	psect	cstackCOMRAM
   204  000001                     __pcstackCOMRAM:
   205                           	opt stack 0
   206  000001                     ??_main:
   207  000001                     
   208                           ; 2 bytes @ 0x0
   209  000001                     	ds	1
   210                           wreg	equ	0xFE8
   211                           wreg	equ	0xFE8
   212                           
   213                           	psect	rparam
   214  0000                     wreg	equ	0xFE8


Data Sizes:
    Strings     0
    Constant    0
    Data        0
    BSS         0
    Persistent  0
    Stack       0

Auto Spaces:
    Space          Size  Autos    Used
    COMRAM          127      1       1
    BANK0           128      0       0

Pointer List with Targets:

    None.

Critical Paths under _main in COMRAM

    None.

Critical Paths under _main in BANK0

    None.

Call Graph Tables:

 ---------------------------------------------------------------------------------
 (Depth) Function   	        Calls       Base Space   Used Autos Params    Refs
 ---------------------------------------------------------------------------------
 (0) _main                                                 1     1      0       0
                                              0 COMRAM     1     1      0
 ---------------------------------------------------------------------------------
 Estimated maximum stack depth 0
 ---------------------------------------------------------------------------------

 Call Graph Graphs:

 _main (ROOT)

 Address spaces:
Name               Size   Autos  Total    Cost      Usage
BITCOMRAM           7F      0       0       0        0.0%
EEDATA             100      0       0       0        0.0%
NULL                 0      0       0       0        0.0%
CODE                 0      0       0       0        0.0%
COMRAM              7F      1       1       1        0.8%
STACK                0      0       0       2        0.0%
BITBANK0            80      0       0       3        0.0%
BANK0               80      0       0       4        0.0%
ABS                  0      0       0       5        0.0%
BIGRAM              FF      0       0       6        0.0%
DATA                 0      0       0       7        0.0%
BITSFR               0      0       0      40        0.0%
SFR                  0      0       0      40        0.0%


Microchip Technology PIC18 Macro Assembler V1.34 build -361300703 
Symbol Table                                                                                   Mon Oct 12 07:38:07 2015

                     l22 0FB4                       l24 0FAC                       l34 0FF4  
                     l27 0FD8                       l29 0FD0                      l627 0F90  
                    u107 0F9A                      u117 0FBE                      u127 0FE2  
           __CFG_BOR$OFF 000000                      wreg 000FE8             __CFG_LVP$OFF 000000  
           __CFG_WDT$OFF 000000                     _LATA 000F89                     _LATB 000F8A  
           __CFG_PWRT$ON 000000             __CFG_STVR$ON 000000                     _main 0F76  
                   start 0002            __CFG_FSCM$OFF 000000            __CFG_IESO$OFF 000000  
          __CFG_MCLRE$ON 000000             ___param_bank 000010                    ?_main 0001  
                  _TRISA 000F92                    _TRISB 000F93          __initialization 0F70  
           __end_of_main 1000                   ??_main 0001            __activetblptr 000000  
                 _ADCON1 000FC1               __accesstop 0080  __end_of__initialization 0F70  
          ___rparam_used 000001           __pcstackCOMRAM 0001          __CFG_OSC$INTIO2 000000  
                __Hparam 0000                  __Lparam 0000                  __pcinit 0F70  
                __ramtop 0100                  __ptext0 0F76     end_of_initialization 0F70  
              _PORTAbits 000F80      start_initialization 0F70                 _LATBbits 000F8A  
               __Hrparam 0000                 __Lrparam 0000            __size_of_main 008A  
             _OSCCONbits 000FD3  
